<?xml version="1.0" encoding="UTF-8"?>
<testng-results ignored="0" total="2" passed="1" failed="1" skipped="0">
  <reporter-output>
  </reporter-output>
  <suite started-at="2023-07-19T13:02:05 IST" name="Default suite" finished-at="2023-07-19T13:02:30 IST" duration-ms="24880">
    <groups>
    </groups>
    <test started-at="2023-07-19T13:02:05 IST" name="Default test" finished-at="2023-07-19T13:02:30 IST" duration-ms="24880">
      <class name="codeByte.Add_a_staff_and_fee_collection">
        <test-method signature="login()[pri:0, instance:codeByte.Add_a_staff_and_fee_collection@2c1b194a]" started-at="2023-07-19T13:02:05 IST" name="login" finished-at="2023-07-19T13:02:13 IST" duration-ms="7348" status="PASS">
          <reporter-output>
          </reporter-output>
        </test-method> <!-- login -->
        <test-method signature="feeConfiguration()[pri:1, instance:codeByte.Add_a_staff_and_fee_collection@2c1b194a]" started-at="2023-07-19T13:02:13 IST" name="feeConfiguration" finished-at="2023-07-19T13:02:30 IST" duration-ms="17296" status="FAIL">
          <exception class="org.openqa.selenium.ElementClickInterceptedException">
            <message>
              <![CDATA[element click intercepted: Element <mat-select _ngcontent-rlm-c52="" class="mat-select ng-tns-c18-93 ng-tns-c52-7 ng-untouched ng-pristine mat-select-disabled mat-select-required mat-select-empty ng-star-inserted" required="" role="listbox" id="mat-select-18" tabindex="-1" aria-label="Payment Mode" aria-required="true" aria-disabled="true" aria-invalid="false" aria-multiselectable="false">...</mat-select> is not clickable at point (253, 606). Other element would receive the click: <div _ngcontent-rlm-c1="" class="spinner-wrapper">...</div>
  (Session info: chrome=114.0.5735.199)
Build info: version: '4.10.0', revision: 'c14d967899'
System info: os.name: 'Windows 10', os.arch: 'amd64', os.version: '10.0', java.version: '17.0.7'
Driver info: org.openqa.selenium.chrome.ChromeDriver
Command: [a9227249f77704a1fed607c88ebb7b83, clickElement {id=BAB37D088512BA8E150AD19D942D4BA8_element_268}]
Capabilities {acceptInsecureCerts: false, browserName: chrome, browserVersion: 114.0.5735.199, chrome: {chromedriverVersion: 114.0.5735.90 (386bc09e8f4f..., userDataDir: C:\Users\setha\AppData\Loca...}, goog:chromeOptions: {debuggerAddress: localhost:49925}, networkConnectionEnabled: false, pageLoadStrategy: normal, platformName: windows, proxy: Proxy(), se:cdp: ws://localhost:49925/devtoo..., se:cdpVersion: 114.0.5735.199, setWindowRect: true, strictFileInteractability: false, timeouts: {implicit: 0, pageLoad: 300000, script: 30000}, unhandledPromptBehavior: dismiss and notify, webauthn:extension:credBlob: true, webauthn:extension:largeBlob: true, webauthn:extension:minPinLength: true, webauthn:extension:prf: true, webauthn:virtualAuthenticators: true}
Element: [[ChromeDriver: chrome on windows (a9227249f77704a1fed607c88ebb7b83)] -> xpath: //mat-select[@id='mat-select-18']]
Session ID: a9227249f77704a1fed607c88ebb7b83]]>
            </message>
            <full-stacktrace>
              <![CDATA[org.openqa.selenium.ElementClickInterceptedException: element click intercepted: Element <mat-select _ngcontent-rlm-c52="" class="mat-select ng-tns-c18-93 ng-tns-c52-7 ng-untouched ng-pristine mat-select-disabled mat-select-required mat-select-empty ng-star-inserted" required="" role="listbox" id="mat-select-18" tabindex="-1" aria-label="Payment Mode" aria-required="true" aria-disabled="true" aria-invalid="false" aria-multiselectable="false">...</mat-select> is not clickable at point (253, 606). Other element would receive the click: <div _ngcontent-rlm-c1="" class="spinner-wrapper">...</div>
  (Session info: chrome=114.0.5735.199)
Build info: version: '4.10.0', revision: 'c14d967899'
System info: os.name: 'Windows 10', os.arch: 'amd64', os.version: '10.0', java.version: '17.0.7'
Driver info: org.openqa.selenium.chrome.ChromeDriver
Command: [a9227249f77704a1fed607c88ebb7b83, clickElement {id=BAB37D088512BA8E150AD19D942D4BA8_element_268}]
Capabilities {acceptInsecureCerts: false, browserName: chrome, browserVersion: 114.0.5735.199, chrome: {chromedriverVersion: 114.0.5735.90 (386bc09e8f4f..., userDataDir: C:\Users\setha\AppData\Loca...}, goog:chromeOptions: {debuggerAddress: localhost:49925}, networkConnectionEnabled: false, pageLoadStrategy: normal, platformName: windows, proxy: Proxy(), se:cdp: ws://localhost:49925/devtoo..., se:cdpVersion: 114.0.5735.199, setWindowRect: true, strictFileInteractability: false, timeouts: {implicit: 0, pageLoad: 300000, script: 30000}, unhandledPromptBehavior: dismiss and notify, webauthn:extension:credBlob: true, webauthn:extension:largeBlob: true, webauthn:extension:minPinLength: true, webauthn:extension:prf: true, webauthn:virtualAuthenticators: true}
Element: [[ChromeDriver: chrome on windows (a9227249f77704a1fed607c88ebb7b83)] -> xpath: //mat-select[@id='mat-select-18']]
Session ID: a9227249f77704a1fed607c88ebb7b83
at java.base/jdk.internal.reflect.NativeConstructorAccessorImpl.newInstance0(Native Method)
at java.base/jdk.internal.reflect.NativeConstructorAccessorImpl.newInstance(NativeConstructorAccessorImpl.java:77)
at java.base/jdk.internal.reflect.DelegatingConstructorAccessorImpl.newInstance(DelegatingConstructorAccessorImpl.java:45)
at java.base/java.lang.reflect.Constructor.newInstanceWithCaller(Constructor.java:499)
at java.base/java.lang.reflect.Constructor.newInstance(Constructor.java:480)
at org.openqa.selenium.remote.codec.w3c.W3CHttpResponseCodec.createException(W3CHttpResponseCodec.java:199)
at org.openqa.selenium.remote.codec.w3c.W3CHttpResponseCodec.decode(W3CHttpResponseCodec.java:132)
at org.openqa.selenium.remote.codec.w3c.W3CHttpResponseCodec.decode(W3CHttpResponseCodec.java:51)
at org.openqa.selenium.remote.HttpCommandExecutor.execute(HttpCommandExecutor.java:191)
at org.openqa.selenium.remote.service.DriverCommandExecutor.invokeExecute(DriverCommandExecutor.java:196)
at org.openqa.selenium.remote.service.DriverCommandExecutor.execute(DriverCommandExecutor.java:171)
at org.openqa.selenium.remote.RemoteWebDriver.execute(RemoteWebDriver.java:531)
at org.openqa.selenium.remote.RemoteWebElement.execute(RemoteWebElement.java:242)
at org.openqa.selenium.remote.RemoteWebElement.click(RemoteWebElement.java:77)
at codeByte.Add_a_staff_and_fee_collection.feeConfiguration(Add_a_staff_and_fee_collection.java:136)
at java.base/jdk.internal.reflect.NativeMethodAccessorImpl.invoke0(Native Method)
at java.base/jdk.internal.reflect.NativeMethodAccessorImpl.invoke(NativeMethodAccessorImpl.java:77)
at java.base/jdk.internal.reflect.DelegatingMethodAccessorImpl.invoke(DelegatingMethodAccessorImpl.java:43)
at java.base/java.lang.reflect.Method.invoke(Method.java:568)
at org.testng.internal.MethodInvocationHelper.invokeMethod(MethodInvocationHelper.java:133)
at org.testng.internal.TestInvoker.invokeMethod(TestInvoker.java:598)
at org.testng.internal.TestInvoker.invokeTestMethod(TestInvoker.java:173)
at org.testng.internal.MethodRunner.runInSequence(MethodRunner.java:46)
at org.testng.internal.TestInvoker$MethodInvocationAgent.invoke(TestInvoker.java:824)
at org.testng.internal.TestInvoker.invokeTestMethods(TestInvoker.java:146)
at org.testng.internal.TestMethodWorker.invokeTestMethods(TestMethodWorker.java:146)
at org.testng.internal.TestMethodWorker.run(TestMethodWorker.java:128)
at java.base/java.util.ArrayList.forEach(ArrayList.java:1511)
at org.testng.TestRunner.privateRun(TestRunner.java:794)
at org.testng.TestRunner.run(TestRunner.java:596)
at org.testng.SuiteRunner.runTest(SuiteRunner.java:377)
at org.testng.SuiteRunner.runSequentially(SuiteRunner.java:371)
at org.testng.SuiteRunner.privateRun(SuiteRunner.java:332)
at org.testng.SuiteRunner.run(SuiteRunner.java:276)
at org.testng.SuiteRunnerWorker.runSuite(SuiteRunnerWorker.java:53)
at org.testng.SuiteRunnerWorker.run(SuiteRunnerWorker.java:96)
at org.testng.TestNG.runSuitesSequentially(TestNG.java:1212)
at org.testng.TestNG.runSuitesLocally(TestNG.java:1134)
at org.testng.TestNG.runSuites(TestNG.java:1063)
at org.testng.TestNG.run(TestNG.java:1031)
at org.testng.remote.AbstractRemoteTestNG.run(AbstractRemoteTestNG.java:115)
at org.testng.remote.RemoteTestNG.initAndRun(RemoteTestNG.java:251)
at org.testng.remote.RemoteTestNG.main(RemoteTestNG.java:77)
]]>
            </full-stacktrace>
          </exception> <!-- org.openqa.selenium.ElementClickInterceptedException -->
          <reporter-output>
          </reporter-output>
        </test-method> <!-- feeConfiguration -->
        <test-method is-config="true" signature="tearDown()[pri:0, instance:codeByte.Add_a_staff_and_fee_collection@2c1b194a]" started-at="2023-07-19T13:02:30 IST" name="tearDown" finished-at="2023-07-19T13:02:30 IST" duration-ms="182" status="PASS">
          <reporter-output>
          </reporter-output>
        </test-method> <!-- tearDown -->
      </class> <!-- codeByte.Add_a_staff_and_fee_collection -->
    </test> <!-- Default test -->
  </suite> <!-- Default suite -->
</testng-results>
